# timestamp | duration | file | instruction | dir | modtime | etag | size | fileId | status | errorString | http result code | other size | other modtime | X-Request-ID
#=#=#=# Syncrun started 2019-10-01T13:15:55Z
#=#=#=#=# Propagation starts 2019-10-01T13:15:55Z (last step: 216 msec, total: 216 msec)
13:15:55||LMA data|INST_NEW|Up|1569501484||1024|5976788982ocff17e49795|4||201|0|0|8a9b7c07-5e94-452d-b5fb-b946d51236fa|
13:15:56||LMA data/Archive|INST_NEW|Up|1564744076||544|5976789057ocff17e49795|4||201|0|0|7a5ae188-d901-4245-8449-e1e833833fb8|
13:15:56||LMA data/Auxiliary files CDW|INST_NEW|Up|1564755574||96|5976789127ocff17e49795|4||201|0|0|d6eac479-db7c-4653-aa12-0c6523cd66c8|
13:15:56||LMA data/Exports_CDW_part1|INST_NEW|Up|1565635271||288|5976789132ocff17e49795|4||201|0|0|4d1ab824-f1da-460d-a75a-1f22f67e31fe|
13:15:56||LMA data/Exports_CDW_ORBIS|INST_NEW|Up|1565339749||320|5976789167ocff17e49795|4||201|0|0|cfc30ca0-1c79-4c9e-9079-abdf3923eda1|
13:15:56||LMA data/Exports_CDW_geobatch|INST_NEW|Up|1565374348||160|5976789162ocff17e49795|4||201|0|0|25fe6c6b-add4-4dee-ae76-06106c1e0c90|
13:15:56||LMA data/Auxiliary files FW|INST_NEW|Up|1564755407||96|5976789187ocff17e49795|4||201|0|0|e90e3924-5597-4aba-92b2-e1f68b5e6e95|
13:15:56||LMA data/Archive/GDSE|INST_NEW|Up|1564656397||448|5976789222ocff17e49795|4||201|0|0|ad35e58a-06cd-4a68-8ab2-90bc104d325a|
13:15:56||LMA data/Archive/Exports|INST_NEW|Up|1544953204||256|5976789227ocff17e49795|4||201|0|0|621a250a-c44a-4084-8871-25b8da110af0|
13:15:56||LMA data/Archive/CI_WP3_Treatment_types_translations_AS.xlsx|INST_NEW|Up|1544464913|a81a1c69ecf3da34a32866e11c64d277|10007|5976789282ocff17e49795|4||201|0|0|fdee6051-2f37-4ce3-811c-96ef39efe204|
13:15:56||LMA data/Archive/Corresp_FW.xlsx|INST_NEW|Up|1544917598|f1cdaef36cc4ff8fea58200f079d42ca|33351|5976789307ocff17e49795|4||201|0|0|4edea6ae-7a70-4ced-bd3f-443bda3b967f|
13:15:57||LMA data/Archive/Exports/Composition_table_company_CDW.xlsx|INST_NEW|Up|1544524590|eaff153b839d1bca1f58652ebf139cc9|93258|5976789332ocff17e49795|4||201|0|0|90b01bcb-cb92-4abb-8bb2-b3b7485775c1|
13:15:57||LMA data/Archive/EuralCodes_CIND-REP.xlsx|INST_NEW|Up|1545330026|06df109c87d472b03d36d092df3633d7|860898|5976789397ocff17e49795|4||201|0|0|41641256-aa42-4439-bac1-bcad76593395|
13:15:56||LMA data/Archive/EURAL_codes_FW_CDW.xlsx|INST_NEW|Up|1544524885|c4065c0102133ad4da8d7e8e4b03a364|12156|5976789392ocff17e49795|4||201|0|0|e6844193-bda6-4eda-880c-8f638f171d64|
13:15:57||LMA data/Archive/Exports/Composition_table_company_FW.xlsx|INST_NEW|Up|1544524589|215190f79f8ba695dc53b1c3ba5bfcd9|19750|5976789432ocff17e49795|4||201|0|0|e4b40d2b-7d2b-4979-85d8-dc11007cf420|
13:15:57||LMA data/Archive/Exports/Flow_table_CDW.xlsx|INST_NEW|Up|1544524605|6b5ee76873616948c82936daea4aa4e1|3003208|5976789572ocff17e49795|4||201|0|0|f792ab38-1762-47cb-9d47-d5afa5ee0e3d|
13:15:57||LMA data/Archive/Exports/Export_LMA_Analysis_comprehensive.xlsx|INST_NEW|Up|1544524589|a2f52497d911b0a3ef6ee39cf2787d6f|3327617|5976789637ocff17e49795|4||201|0|0|10d3428c-b747-4e2d-8514-868af4656b58|
13:15:57||LMA data/Archive/GDSE/Companies_FW.xlsx|INST_NEW|Up|1544460370|7e5693189e76b1eaf9136785d682dee0|3262181|5976789662ocff17e49795|4||201|0|0|d161d3cf-8f8e-4d8c-a429-9b7c3ca81539|
13:15:58||LMA data/Archive/Exports/Flow_table_FW.xlsx|INST_NEW|Up|1544524592|d841205af4afacf2329f01726e7c2c71|352650|5976789687ocff17e49795|4||201|0|0|18a94514-af95-4015-8ad2-37debc437935|
13:15:59||LMA data/Archive/GDSE/Companies_address_matched_FW.xlsx|INST_NEW|Up|1544464718|ea89b8f06dac391d310d44f1945735d6|25459|5976789732ocff17e49795|4||201|0|0|eb904a33-3dcb-4268-9797-4163790ede44|
13:15:59||LMA data/Archive/GDSE/Composition_FW.xlsx|INST_NEW|Up|1544196618|2e7d820d7cfdb0a46e8eb978fed22ecb|112233|5976789772ocff17e49795|4||201|0|0|920069af-1684-4ce6-b6db-8251a021c1f0|
13:15:59||LMA data/Archive/GDSE/Flows_FW.xlsx|INST_NEW|Up|1544459076|950f84f0d593ebfd7aecbe363ee019c8|909406|5976789797ocff17e49795|4||201|0|0|c7edc341-1914-4fae-a4d0-f57550ed21d5|
13:15:59||LMA data/Archive/GDSE/ORBIS_LMA_Matches.xlsx|INST_NEW|Up|1544546474|26650c05de1fe156d1846a8a9b5b1008|84732|5976789812ocff17e49795|4||201|0|0|ed4a8235-11b4-4c8d-b5da-78ea91db0f69|
13:15:59||LMA data/Archive/GDSE/ORBIS_LMA_name.xlsx|INST_NEW|Up|1544525344|1e13191952f96cfd1a174f4f30f77267|84299|5976789877ocff17e49795|4||201|0|0|27ae64de-34bb-45e9-95e4-de6820653f86|
13:15:59||LMA data/Archive/GDSE/extra_matches.xls|INST_NEW|Up|1544796195|82907a8af85084d7c5248ab7d4ba749a|19968|5976789902ocff17e49795|4||201|0|0|3962be0e-108b-4f2a-bf0e-474fcc908ecb|
13:15:59||LMA data/Archive/GDSE/extra_companies.xlsx|INST_NEW|Up|1544795510|5904c6b1821efbde503c256ed35e56c2|20098|5976789907ocff17e49795|4||201|0|0|f9abc17e-57a5-4e1b-84a1-de63ab20fc2a|
13:15:59||LMA data/Archive/Eural_benaming_check.xlsx|INST_NEW|Up|1535094568|4df30cdc028c87c42751e84874595356|15379|5976789917ocff17e49795|4||201|0|0|561ff89d-10a1-4c12-ba24-d66bdd21cd41|
13:15:59||LMA data/Archive/Export_LMA_actors_allEWC.xlsx|INST_NEW|Up|1544787811|0403fc9f2aa0316655c095323933ddea|124917|5976789947ocff17e49795|4||201|0|0|b5287bde-e6f3-4f81-996f-303b37be2166|
13:15:59||LMA data/Archive/Export_LMA_Analysis_comprehensive_allEWC.xlsx|INST_NEW|Up|1544787811|3a7412fa1034e70317f3b7a90928308d|448439|5976790012ocff17e49795|4||201|0|0|f0fd5449-fd17-4214-9b32-6a83ef764ece|
13:16:00||LMA data/Archive/Garden_waste_keywords.xlsx|INST_NEW|Up|1535698152|b94fca4fc49ee6f2a49fa539270526f3|4056|5976790082ocff17e49795|4||201|0|0|9ae7ad33-25bd-4e45-854b-4af1f5fe1ad9|
13:16:00||LMA data/Archive/FW_NACE_companycodes_georef_spaced.xlsx|INST_NEW|Up|1535698156|ba0311c1efb4a1bf4020789dd032cb85|4412937|5976790132ocff17e49795|4||201|0|0|f2d53bbc-7650-44e8-a6c7-d6a01d2ff0bc|
13:16:00||LMA data/Archive/ORBIS_address_FW.xlsx|INST_NEW|Up|1544099961|47703920576ba95e22bf389571007749|1858583|5976790192ocff17e49795|4||201|0|0|1fe6485a-468a-48c7-84aa-9896433625ed|
13:16:00||LMA data/Archive/ORBIS_address_CDW.xlsx|INST_NEW|Up|1544099958|22f503c4931173c900c828c9521b1e17|1641747|5976790242ocff17e49795|4||201|0|0|9b36a942-128d-4b5a-812c-372a9356c346|
13:16:00||LMA data/Archive/REPAiR_actors.xlsx|INST_NEW|Up|1547487521|150b740223cb6c71c0197439e2c66976|388285|5976790257ocff17e49795|4||201|0|0|da96be29-60da-449a-a4f1-6bd885a9a73a|
13:16:01||LMA data/Auxiliary files FW/actor_roles_summary.xlsx|INST_NEW|Up|1564751159|f362c18005ce072d5af212c087e8ce26|5617|5976790307ocff17e49795|4||201|0|0|d621c142-f688-4a13-8735-acda2f7d93a7|
13:16:01||LMA data/Auxiliary files CDW/actor_roles_summary.xlsx|INST_NEW|Up|1564751791|e7acaee0e326925d6df2ca3d8aa950f7|5657|5976790327ocff17e49795|4||201|0|0|1c4ca2bb-d9ba-4e90-bb98-164a2256814b|
13:16:01||LMA data/Exports_CDW_ORBIS/Orbis_CDW_1000.xlsx|INST_NEW|Up|1564848988|e1c7d2633a981990a29b2e183a5522a6|48282|5976790372ocff17e49795|4||201|0|0|1bf5e9e1-eeb9-4424-9be2-5c08a0dd464f|
13:16:01||LMA data/Exports_CDW_ORBIS/Orbis_CDW_2000.xlsx|INST_NEW|Up|1564852099|bebcff6da926af48e4ad812d111afddc|48069|5976790392ocff17e49795|4||201|0|0|68859d73-22b8-4c9c-8cba-73e454ebd1cb|
13:16:01||LMA data/Exports_CDW_ORBIS/Orbis_CDW_1000_results.xlsx|INST_NEW|Up|1564849066|ab8e96bbaf5b15bf478a81636a7d2459|203930|5976790432ocff17e49795|4||201|0|0|6db672c9-df29-4149-9c20-5fc4108fa914|
13:16:01||LMA data/Exports_CDW_ORBIS/Orbis_CDW_3000.xlsx|INST_NEW|Up|1565294999|8d86e3a95f625c8462db824e9a4c1f77|48380|5976790442ocff17e49795|4||201|0|0|f430a643-3d50-4d55-9eda-a32072bf12b4|
13:16:01||LMA data/Exports_CDW_ORBIS/Orbis_CDW_2000_results.xlsx|INST_NEW|Up|1564852140|4b63299d047768e99ea6041d477963fb|200287|5976790457ocff17e49795|4||201|0|0|df83f53d-a69d-46c6-adb9-178b22a509cf|
13:16:02||LMA data/Exports_CDW_ORBIS/Orbis_CDW_3000_results.xlsx|INST_NEW|Up|1564855078|f38a1b2115f74f850d564f88ba9b5b38|194432|5976790487ocff17e49795|4||201|0|0|ec1c240c-ea94-4eef-9a76-31db26b2f7bf|
13:16:02||LMA data/Exports_CDW_ORBIS/Orbis_CDW_3764.xlsx|INST_NEW|Up|1564857281|dbd4b7df8d0cdc97982c80990c511f0f|38882|5976790497ocff17e49795|4||201|0|0|43856c2c-1577-4895-9803-3f03662947f0|
13:16:02||LMA data/Exports_CDW_ORBIS/Orbis_CDW_3764_results.xlsx|INST_NEW|Up|1564857356|69c0f85808a96ed3f0815bb0cc3804b6|139848|5976790522ocff17e49795|4||201|0|0|c334f280-7b93-4e64-9465-fbc00c5f7e5a|
13:16:02||LMA data/Exports_CDW_geobatch/Export_LMA_actors_geolocated.xlsx|INST_NEW|Up|1565374347|a690cd1bdfa9637f7e0a5bcb5f424eb2|411153|5976790592ocff17e49795|4||201|0|0|21b0c459-4198-48b9-9673-d5a4e377c9e3|
13:16:02||LMA data/Exports_CDW_geobatch/wkt_points.xlsx|INST_NEW|Up|1565373225|09ba8f09575481714adf60599ad602af|205071|5976790607ocff17e49795|4||201|0|0|a3afd972-1f8f-4a0b-a678-f30bdf6775af|
13:16:02||LMA data/Exports_CDW_geobatch/Actor_locations_REP_CDW.kml|INST_NEW|Up|1565372399|12033a88868e013d07fff690840f2302|2495466|5976790642ocff17e49795|4||201|0|0|0b8cd340-7955-44ef-8a44-16a4d3a13c53|
13:16:02||LMA data/Exports_CDW_part1/ORBIS_batch_search|INST_NEW|Up|1565350020||256|5976790677ocff17e49795|4||201|0|0|bdd9cc6f-4dc9-4863-adce-617a7587061c|
13:16:03||LMA data/Exports_CDW_part1/Export_LMA_actors.xlsx|INST_NEW|Up|1565350019|de89163a3c7eca9c9e314bdb79d56123|398875|5976790752ocff17e49795|4||201|0|0|52be064e-ef0f-4f40-a5f4-e90a0bb42413|
13:16:03||LMA data/Exports_CDW_part1/Export_LMA_actors_without_postcode.xlsx|INST_NEW|Up|1565350019|81b5e5b868e7a0190d7d6679063d5233|6222|5976790762ocff17e49795|4||201|0|0|3a42b95b-668c-47cb-9705-f042b5af636f|
13:16:03||LMA data/Exports_CDW_part1/ORBIS_batch_search/LMA_CDW_1000.xlsx|INST_NEW|Up|1565350020|e655daadf3d08043bcc64231a889cc49|30286|5976790777ocff17e49795|4||201|0|0|9e628035-525a-454f-ae9b-e654f23a5864|
13:16:02||LMA data/Exports_CDW_part1/Export_LMA_Analysis_comprehensive_part1.xlsx|INST_NEW|Up|1565350016|88d0454782fc64996d310df61832544d|2883410|5976790837ocff17e49795|4||201|0|0|e7ce9a33-1de4-4984-845b-08fb26d385f8|
13:16:03||LMA data/Exports_CDW_part1/ORBIS_batch_search/LMA_CDW_3000.xlsx|INST_NEW|Up|1565350020|700340e3ea974dd9d90fa93cd5b3aba6|30853|5976790872ocff17e49795|4||201|0|0|b0d976d0-596d-4756-9bb2-5fcd14a0a93d|
13:16:03||LMA data/Exports_CDW_part1/ORBIS_batch_search/LMA_CDW_3760.xlsx|INST_NEW|Up|1565350020|c65a0bc77afa2751c3c8dae986bae5f4|25838|5976790897ocff17e49795|4||201|0|0|c38a8118-0bed-495c-ae9b-27d091768a12|
13:16:03||LMA data/Exports_CDW_part1/ORBIS_batch_search/LMA_CDW_3764.xlsx|INST_NEW|Up|1564820809|32c5f9bebe71e063be2d3c04dfbbc59f|25964|5976790932ocff17e49795|4||201|0|0|3e57a664-cbb4-40e3-9ce1-9da66baf3e73|
13:16:04||LMA data/Exports_CDW_part2|INST_NEW|Up|1565557984||352|5976790992ocff17e49795|4||201|0|0|07120f37-7474-477a-b903-5e48bdc79e81|
13:16:03||LMA data/Exports_CDW_part1/ORBIS_batch_search/LMA_CDW_2000.xlsx|INST_NEW|Up|1565350020|55a06e3e8571bba1be158c779828ff5f|29988|5976790962ocff17e49795|4||201|0|0|2aa46bf8-9573-408f-9448-698d124ca462|
13:16:04||LMA data/Exports_CDW_part1/Export_LMA_compositions.xlsx|INST_NEW|Up|1565350020|a1659dc4dfb53347ae456cdaf2ce2ce7|26001|5976790997ocff17e49795|4||201|0|0|8235de38-ab0f-4df3-8700-5b72fe46158c|
13:16:04||LMA data/Exports_CDW_part1/actor_roles_summary.xlsx|INST_NEW|Up|1565350018|4058f9a426e75211fdba743608221f87|5658|5976791007ocff17e49795|4||201|0|0|b0af7f8b-106c-42ec-87ea-ddf8167e6257|
13:16:04||LMA data/Exports_CDW_part3|INST_NEW|Up|1565644433||192|5976791032ocff17e49795|4||201|0|0|613f9a4e-1789-4ad3-b7bd-a6424b2a8184|
13:16:04||LMA data/Exports_FW_ORBIS|INST_NEW|Up|1565103773||224|5976791072ocff17e49795|4||201|0|0|99d29b2d-6853-4cce-9545-badf56d40bdc|
13:16:04||LMA data/Exports_CDW_part2/Export_LMA_activities.xlsx|INST_NEW|Up|1565557983|b9c525a589db66325b6b2e4d482256f5|16882|5976791112ocff17e49795|4||201|0|0|2b2e6949-d3ff-4373-81cd-f7e076084d41|
13:16:04||LMA data/Exports_CDW_part2/Export_LMA_activity_groups.xlsx|INST_NEW|Up|1565557983|03a39b451c3eb0a762dda9bbf2ca93b9|6264|5976791132ocff17e49795|4||201|0|0|a03e391b-f5ea-42a3-9d70-b85904c173ab|
13:16:04||LMA data/Exports_CDW_part2/Export_ORBIS_actors.xlsx|INST_NEW|Up|1565557975|c8049d8e0fbf87b2e630fd5c19b6d14b|181597|5976791157ocff17e49795|4||201|0|0|197966be-3433-460f-839b-692a83acfe17|
13:16:04||LMA data/Exports_CDW_part2/Export_LMA_actors.xlsx|INST_NEW|Up|1565557981|e395f6465a6ffc984de7abb9d7a71217|230132|5976791167ocff17e49795|4||201|0|0|b17fb372-5f39-4258-a008-04fac885ffe2|
13:16:04||LMA data/Exports_CDW_part2/Export_LMA_actors_locations.xlsx|INST_NEW|Up|1565557983|3b0489d1cbab8fd0fcd89374b0908bfe|262790|5976791207ocff17e49795|4||201|0|0|1ca4faa5-8678-4c6b-881f-121b61dcf778|
13:16:05||LMA data/Exports_CDW_part2/Export_all_actor_matches.xlsx|INST_NEW|Up|1565557980|fc49dcaa1d7b3ba0cec13b9e985a7d71|747977|5976791262ocff17e49795|4||201|0|0|013f7463-cb3f-4c41-a046-1ccc349f497c|
13:16:05||LMA data/Exports_CDW_part2/Unknown_NACE.xlsx|INST_NEW|Up|1565557984|2ee55dd51c5858527ac8dacd8d04f162|269349|5976791277ocff17e49795|4||201|0|0|213b3aa8-22a6-4102-b8a2-d853ca2a7058|
13:16:05||LMA data/Exports_CDW_part3/Export_Composition_CDW.xlsx|INST_NEW|Up|1565640968|82a895c56d0a2bc16058519106c78973|49616|5976791292ocff17e49795|4||201|0|0|e936dd94-1dde-436b-8327-11e223054153|
13:16:05||LMA data/Exports_CDW_part2/actors_matched_ambiguously.xlsx|INST_NEW|Up|1565557975|8f7c12478b99cf39e7a1e31d33ff84c4|64751|5976791342ocff17e49795|4||201|0|0|df0654bf-0e2b-4b9f-a4be-4c114832acb3|
13:16:05||LMA data/Exports_CDW_part3/Export_Flows_CDW.xlsx|INST_NEW|Up|1565640972|ff32cde49000da9c4e951ae8ee6c3dce|572033|5976791437ocff17e49795|4||201|0|0|eb097c90-c6e8-4ecd-ac46-c83df8b6b87e|
13:16:05||LMA data/Exports_FW_ORBIS/Orbis_FW_1000.xlsx|INST_NEW|Up|1564823558|e8a0e982b71d588e68983a54601a0681|47740|5976791442ocff17e49795|4||201|0|0|74e92846-38c1-4054-923c-1394f80a54f7|
13:16:05||LMA data/Exports_FW_ORBIS/Orbis_FW_1000_results.xlsx|INST_NEW|Up|1564823655|fc85234e2fff951fb21ef717fb423143|193837|5976791502ocff17e49795|4||201|0|0|f2da8f40-f9ce-44e6-8683-f9efd3301db8|
13:16:06||LMA data/Exports_FW_ORBIS/Orbis_FW_1095.xlsx|INST_NEW|Up|1564839906|bc5d3b9fe1907ec32e19bb689b6818bd|8193|5976791572ocff17e49795|4||201|0|0|1a27797f-eaa8-4138-bec1-869637a187ab|
13:16:06||LMA data/Exports_FW_ORBIS/Orbis_FW_1095_results.xlsx|INST_NEW|Up|1564840012|216d58e54e1c6728acb9bed99b5692a7|26681|5976791577ocff17e49795|4||201|0|0|dc63fbba-8e0d-47ac-ba26-17008de6daf0|
13:16:05||LMA data/Exports_CDW_part3/Export_LMA_Analysis_comprehensive_part3.xlsx|INST_NEW|Up|1565640967|5f259d12d2e1fe8ba391f504a8792b96|3840916|5976791587ocff17e49795|4||201|0|0|985f9e00-1b78-4803-87a8-3783658bf704|
13:16:06||LMA data/Exports_FW_geobatch|INST_NEW|Up|1565371170||160|5976791622ocff17e49795|4||201|0|0|5cd12e9f-224e-4365-8c4a-7469d40364cc|
13:16:06||LMA data/Exports_FW_part1|INST_NEW|Up|1565362471||256|5976791637ocff17e49795|4||201|0|0|381534bd-a8d6-45da-9916-33a7487832cd|
13:16:06||LMA data/Input_CDW_part2|INST_NEW|Up|1565639746||256|5976791667ocff17e49795|4||201|0|0|75597413-056d-4f88-8804-2cbe0883e667|
13:16:06||LMA data/Exports_FW_part2|INST_NEW|Up|1565962571||352|5976791672ocff17e49795|4||201|0|0|f74f0b91-8931-4165-9e4e-18d33b113e48|
13:16:06||LMA data/Exports_FW_part3|INST_NEW|Up|1569072589||288|5976791707ocff17e49795|4||201|0|0|2ba721b5-12e3-4ebd-a331-89505ffc6afd|
13:16:06||LMA data/Input_CDW_part1|INST_NEW|Up|1565360644||96|5976791702ocff17e49795|4||201|0|0|408f3867-5fdc-4585-863e-7266f269e4c7|
13:16:07||LMA data/Exports_FW_part1/ORBIS_batch_search|INST_NEW|Up|1565094040||224|5976791792ocff17e49795|4||201|0|0|bd0edf54-8fe0-4e80-9963-76701b7979c7|
13:16:07||LMA data/Exports_FW_geobatch/Export_LMA_actors_geolocated.xlsx|INST_NEW|Up|1565371163|72222cf08500847d4a1c18c00d1320f1|82994|5976791797ocff17e49795|4||201|0|0|99544c91-7148-4bbe-aca4-158c1d19974c|
13:16:06||LMA data/Exports_FW_geobatch/Actor_locations_REP_FW.kml|INST_NEW|Up|1565368294|57ba286532d68aba09e051683fac807d|423396|5976791807ocff17e49795|4||201|0|0|472534f7-8b91-4484-8ac9-819ba5d657ad|
13:16:07||LMA data/Exports_FW_geobatch/wkt_points.xlsx|INST_NEW|Up|1565371020|90d32eeac8868b47621c6414f83ce178|46050|5976791817ocff17e49795|4||201|0|0|ab23dde6-b4cb-44a0-a89c-1818ebf4f004|
13:16:07||LMA data/Exports_FW_part1/Export_LMA_Analysis_comprehensive_part1.xlsx|INST_NEW|Up|1565349328|b7545f84ee235da9a2ee0cef278d4c30|297374|5976791837ocff17e49795|4||201|0|0|1b493c7b-fefe-4672-a07f-2c12b700851c|
13:16:07||LMA data/Exports_FW_part1/ORBIS_batch_search/LMA_FW_1.xlsx|INST_NEW|Up|1565094154|3effba390d9349f1ad04bbdf689e541e|5435|5976791902ocff17e49795|4||201|0|0|2040d000-3425-4e36-9b32-b6e448beb670|
13:16:07||LMA data/Exports_FW_part1/ORBIS_batch_search/LMA_FW_1108.xlsx|INST_NEW|Up|1565094040|6b7e35424352eb1aab5e3125da5148e0|8886|5976791917ocff17e49795|4||201|0|0|3ae8d5f3-f4de-48dd-abee-14c78ec03f40|
13:16:07||LMA data/Exports_FW_part1/ORBIS_batch_search/LMA_FW_1095.xlsx|INST_NEW|Up|1565349329|610bea3ebb72b688f3774b86f2e03395|8392|5976791932ocff17e49795|4||201|0|0|db3b1327-40fa-46c7-aff9-302cff9e5d5a|
13:16:07||LMA data/Exports_FW_part1/ORBIS_batch_search/LMA_FW_1000.xlsx|INST_NEW|Up|1565349329|fee26e8b349f16eba974914588b60e5b|29909|5976791967ocff17e49795|4||201|0|0|c86b6ca7-a195-4794-ae62-cd2fb942bd58|
13:16:07||LMA data/Exports_FW_part1/Export_LMA_actors.xlsx|INST_NEW|Up|1565349328|baaee79f7c946dc58da96301d60fa132|76030|5976791972ocff17e49795|4||201|0|0|ad89bbd7-3b8b-437d-8d77-ea88a83df30d|
13:16:07||LMA data/Exports_FW_part1/Export_LMA_compositions.xlsx|INST_NEW|Up|1565349329|a48f4294f250339ba827ae2d9c84d48a|8602|5976791987ocff17e49795|4||201|0|0|444d3779-f527-448d-a660-8009b3c18017|
13:16:07||LMA data/Exports_FW_part1/actor_roles_summary.xlsx|INST_NEW|Up|1565349328|e6483d5138effb5ad461e307bbb17bd0|5617|5976792032ocff17e49795|4||201|0|0|8f78bb68-0873-4fdd-9d45-6f113ef5b70f|
13:16:07||LMA data/Exports_FW_part2/Export_LMA_activities.xlsx|INST_NEW|Up|1565612179|8d36ed58322577a4335fd80d2affab42|12210|5976792042ocff17e49795|4||201|0|0|50f29dae-cbf5-4c4e-877f-2e191087904f|
13:16:07||LMA data/Exports_FW_part2/Export_LMA_activity_groups.xlsx|INST_NEW|Up|1565612179|b46710b837bc604fffbb43b9bcfed6b3|6178|5976792052ocff17e49795|4||201|0|0|e022cc09-4a26-47b3-b66c-d6d1b501e1d6|
13:16:08||LMA data/Exports_FW_part2/Export_LMA_actors.xlsx|INST_NEW|Up|1565612179|735bdbed96e6fa56baadb25cbe31e2c1|43329|5976792097ocff17e49795|4||201|0|0|19fd2ffc-e9e6-4e4e-bfc4-fb490765849f|
13:16:08||LMA data/Exports_FW_part2/Export_LMA_actors_locations.xlsx|INST_NEW|Up|1565612179|2447ef075332e4bdccb996bf33ebec80|52932|5976792102ocff17e49795|4||201|0|0|8cf79aff-f4a9-4c1a-b571-41e62dc57dd4|
13:16:08||LMA data/Exports_FW_part2/Export_all_actor_matches.xlsx|INST_NEW|Up|1565612178|673889a0fca01472291a477c9485ddb8|146205|5976792167ocff17e49795|4||201|0|0|37d0d51b-8031-4e5b-b3e2-866c444c15cd|
13:16:08||LMA data/Exports_FW_part2/Unknown_NACE.xlsx|INST_NEW|Up|1565612179|003c3a6a65afde2e3ee2ef122c3d879c|32490|5976792187ocff17e49795|4||201|0|0|6e08e453-0b7c-4c9d-bf79-1aa24363d150|
13:16:08||LMA data/Exports_FW_part2/actors_matched_ambiguously.xlsx|INST_NEW|Up|1565612178|af0f85ebc87b0240e2a768e1578aa7fe|41747|5976792197ocff17e49795|4||201|0|0|a3d36d49-864e-4db4-9cd4-bbb6a5ede467|
13:16:08||LMA data/Exports_FW_part2/Export_ORBIS_actors.xlsx|INST_NEW|Up|1565612177|672517cc73b5e703da9af759e9b7f71d|59510|5976792227ocff17e49795|4||201|0|0|aca2f1a6-170e-4956-9225-9811dcd0c193|
13:16:08||LMA data/Exports_FW_part3/Export_Composition_FW.xlsx|INST_NEW|Up|1569072616|db96211cbc06d511542d19234e8a9f0a|17982|5976792222ocff17e49795|4||201|0|0|31a5de28-4c0e-4b54-822b-61c4bd974ae4|
13:16:08||LMA data/Exports_FW_part3/Export_Flows_FW.xlsx|INST_NEW|Up|1569072617|201babc4e40e419947d8213df9f764e8|69140|5976792262ocff17e49795|4||201|0|0|43ec9d7c-a6cb-46a7-bd5f-4ef250ae9c0e|
13:16:08||LMA data/Exports_FW_part3/Update_LMA_activity_groups.xlsx|INST_NEW|Up|1569072611|8860dc67e3ef9022af313f0fb0925557|6155|5976792287ocff17e49795|4||201|0|0|1fad2277-8609-4008-9f5b-aac2a3dedb2e|
13:16:08||LMA data/Exports_FW_part3/Update_LMA_activities.xlsx|INST_NEW|Up|1569072611|2004296398739c486fa6d9693fa0cb28|9740|5976792282ocff17e49795|4||201|0|0|e9903abd-4cea-4b90-8d7f-bf7655326e0c|
13:16:08||LMA data/Exports_FW_part3/Export_LMA_Analysis_comprehensive_part3.xlsx|INST_NEW|Up|1569072616|e3d66393b397dfbb6ed5bf529bbd664b|409232|5976792332ocff17e49795|4||201|0|0|43ee96f9-fcb6-43be-b507-e46fc414fdc5|
13:16:09||LMA data/Exports_FW_part3/Update_manually_matched_actors.xlsx|INST_NEW|Up|1569072611|73a20ff4c9e5126600f41d2968fef0f5|20759|5976792372ocff17e49795|4||201|0|0|d702237d-83c8-4140-bd22-0e5a17f08e3d|
13:16:09||LMA data/Input_CDW_part1/EURAL_codes_CDW.xlsx|INST_NEW|Up|1544716924|013e419a40c0efdde70bd669e2d91a5f|11769|5976792407ocff17e49795|4||201|0|0|c67bc3db-b725-46c7-b561-053ddef165cf|
13:16:09||LMA data/Input_CDW_part2/Input_actors_without_postcode.xlsx|INST_NEW|Up|1564944586|cec1ec02b4e255f985e3582ddd40fe76|11763|5976792432ocff17e49795|4||201|0|0|91df4fb8-d4c6-4e25-a157-3885bdeb782f|
13:16:09||LMA data/Input_CDW_part2/ORBIS_all.xlsx|INST_NEW|Up|1565379042|a7d150bc3bcaa85d42095366b82561e1|1558360|5976792472ocff17e49795|4||201|0|0|7f072cfd-c7e1-4ef0-b4f5-f905877b36ed|
13:16:09||LMA data/Input_CDW_part2/ORBIS_by_nace.xlsx|INST_NEW|Up|1565279274|4838a47da368652d9676fa07a90fd6cb|1663637|5976792507ocff17e49795|4||201|0|0|b336bcb2-a78f-4c2d-a01f-8c2c742ab0e2|
13:16:09||LMA data/Input_CDW_part2/ORBIS_by_nace.tsv|INST_NEW|Up|1565279232|349f7697810bf258b1569a31f92b0864|1950808|5976792557ocff17e49795|4||201|0|0|a1171095-1896-4408-9d62-6e2880a62ba6|
13:16:10||LMA data/Input_CDW_part3|INST_NEW|Up|1565359233||128|5976792602ocff17e49795|4||201|0|0|d701fa96-e82c-4a31-8b0f-b8b87cb9078a|
13:16:10||LMA data/Input_CDW_part2/ORBIS_by_name.xlsx|INST_NEW|Up|1565379031|c77f1bf1fb0e90ede8dc2964f6f38941|304892|5976792607ocff17e49795|4||201|0|0|2379f268-7002-4674-941c-717520926b6a|
13:16:10||LMA data/Input_FW_part1|INST_NEW|Up|1565360651||96|5976792617ocff17e49795|4||201|0|0|0a906564-c072-4d7e-a80a-b40975dcce8c|
13:16:10||LMA data/Input_FW_part3|INST_NEW|Up|1565960550||224|5976792667ocff17e49795|4||201|0|0|51736832-9658-4487-b592-6649f56ee1d4|
13:16:10||LMA data/Input_FW_part2|INST_NEW|Up|1565259521||224|5976792677ocff17e49795|4||201|0|0|b7f4e546-07d2-4e99-8c37-89ae329ee066|
13:16:10||LMA data/Manual_corr_FW|INST_NEW|Up|1569935702||256|5976792707ocff17e49795|4||201|0|0|49d607c6-d85e-4619-bbd1-f66d83d31c89|
13:16:10||LMA data/Input_CDW_part3/Corresp_composition_materials.xlsx|INST_NEW|Up|1557567476|677a2e7e9e76002304adb717ad2cc004|143827|5976792722ocff17e49795|4||201|0|0|e0f971e3-e671-4cb4-bc3d-4bce2ab3b430|
13:16:10||LMA data/Input_FW_part1/EURAL_codes_FW.xlsx|INST_NEW|Up|1544716844|89d065ebd76ffb4ed258f07b3edc01b9|9984|5976792767ocff17e49795|4||201|0|0|9863fe50-308c-491a-bc3e-e957678dcb53|
13:16:10||LMA data/Input_FW_part2/ORBIS_all.xlsx|INST_NEW|Up|1565379003|dac4f9a9d6eccdbf699e06eed3344c20|1699287|5976792837ocff17e49795|4||201|0|0|a99ad649-f88a-4b71-a802-7d0e91158020|
13:16:10||LMA data/Input_FW_part2/ORBIS_by_nace.tsv|INST_NEW|Up|1565018480|0940f037628e73f88af07a5332afc6a1|2283458|5976792877ocff17e49795|4||201|0|0|3a1ac2ec-d2bf-48e6-9bbb-53605fbb64dc|
13:16:11||LMA data/Input_FW_part3/CBS_voedselverspilling.xlsx|INST_NEW|Up|1548862736|1e4fa954f03cee702a000f6a71453a26|13975|5976792987ocff17e49795|4||201|0|0|359c1b69-a3ae-43d4-b999-94e954bbcaa6|
13:16:11||LMA data/Input_FW_part2/ORBIS_by_name.xlsx|INST_NEW|Up|1565378991|2902d2d8ec14fd3bfe4d97adea0224bd|94909|5976792997ocff17e49795|4||201|0|0|8e447ef2-0960-430e-a167-3a99654a575b|
13:16:11||LMA data/Input_FW_part2/ORBIS_by_nace.xlsx|INST_NEW|Up|1565018749|daec07686a1e0a1ee9908e28c53a7e1d|1938391|5976793007ocff17e49795|4||201|0|0|f8bcdbfd-588b-4a12-a33d-ed28fdaa8289|
13:16:11||LMA data/Input_FW_part3/Corresp_composition_materials.xlsx|INST_NEW|Up|1557418507|38db31cbd740abc3801726d9af879fda|22250|5976793107ocff17e49795|4||201|0|0|4c50a062-2914-4782-86c6-c76229bf35c5|
13:16:11||LMA data/Manual_corr_FW/LMA_actors_NACE_Kozmo.xlsx|INST_NEW|Up|1569071552|70657bb99df260901236a6aea958e292|44878|5976793132ocff17e49795|4||201|0|0|0c618095-44bf-4fa4-87aa-eec76ccf1272|
13:16:11||LMA data/Input_FW_part3/FW_Eurals_BenamingAfval.xlsx|INST_NEW|Up|1548864578|969af03378046428f4f3179bd2df347a|16399|5976793137ocff17e49795|4||201|0|0|39c5260f-9fc1-4cdd-a5db-e2e8916166b0|
13:16:11||LMA data/Manual_corr_FW/LMA_actors_NACE_Pablo.xlsx|INST_NEW|Up|1565619416|d57ba1d85d1bf2e4482548ab26f8ecff|112499|5976793177ocff17e49795|4||201|0|0|14a9f31b-dde7-47b1-bf74-5e5949386343|
13:16:11||LMA data/Input_FW_part3/actors_matched_manually.xlsx|INST_NEW|Up|1565385133|c198ba0bdb1b246b993f6dfa986b9fb9|180889|5976793182ocff17e49795|4||201|0|0|0e963e98-33c6-4b81-9c32-acae8632ec39|
13:16:12||LMA data/Manual_corr_FW/Unknown_NACE_matched_manually.xlsx|INST_NEW|Up|1569071756|519dc90a2ef45b804b220fffa10a6103|57914|5976793282ocff17e49795|4||201|0|0|bd3316eb-6ab1-48ea-9edb-6a0832f91731|
13:16:12||LMA data/Manual_corr_FW/Updated_Actors.xlsx|INST_NEW|Up|1565381823|6dac22ca5410f166b36747bd0b123577|8956|5976793302ocff17e49795|4||201|0|0|5f616f88-610a-4428-8a34-3ae0919a7f08|
13:16:12||LMA data/AMA - spatial classifications.xlsx|INST_NEW|Up|1557503865|f29f760564e34610b189e587145c04a1|11326|5976793257ocff17e49795|4||201|0|0|5e22913e-aeae-4442-ba76-aa06cb667a2f|
13:16:17||LMA data/Biologisch afbreekbaar afval (Food Waste).xlsx|INST_NEW|Up|1534921192|80ee6759a4768a27d68d1193108d8233|14461585|5976794452ocff17e49795|4||201|0|0|88511aef-b047-4068-8030-9c872c1e563d|
13:16:19||LMA data/Cities.xlsx|INST_NEW|Up|1557521210|f4cc7c52f18ff47ecb394b1f46b49a80|278577|5976794587ocff17e49795|4||201|0|0|c98d12de-d0ba-4777-91a6-d591c59fd8a3|
13:16:19||LMA data/Interface_data.xlsx|INST_NEW|Up|1544445167|fac2d483fb8cef6224b06ef474e8a96e|8654|5976794682ocff17e49795|4||201|0|0|b4fb220d-6bc7-4d47-86a1-88fe8bfe54fc|
13:16:19||LMA data/LMA.xlsx|INST_NEW|Up|1569072613|436a974c3f4f9992b522530ad8640637|355730|5976794697ocff17e49795|4||201|0|0|e59e0ff3-5da3-4737-99f7-d7d64aacaa6d|
13:16:20||LMA data/Preprocessing_description.xlsx|INST_NEW|Up|1565621261|025cbef428c1ef0e7850e15f07566c3e|9916|5976794837ocff17e49795|4||201|0|0|a3f5a1d4-d504-457c-ac97-f258c443294b|
13:16:20||LMA data/NACE_table.xlsx|INST_NEW|Up|1569070237|04d724012f66a0847074d59553afcd5b|45745|5976794842ocff17e49795|4||201|0|0|e6af362a-9880-4d5d-a297-833d389be7a7|
13:16:17||LMA data/20181203 Repair_LMA_Update 28112018_1.xlsx|INST_NEW|Up|1544449209|dc8f94d7ad4b0c121573053a085cf4a5|44599390|5976795217ocff17e49795|4||201|0|0|54ae5082-6559-4573-9a0d-75da29350387|
13:16:21||LMA data/Bouw- en afvalsloop (CDW).xlsx|INST_NEW|Up|1545301327|542ea5676a650ad47cd9436d61b29c1c|47465538|5976796227ocff17e49795|4||201|0|0|5d6f97b2-ea1e-4544-b966-9eb44f17ba83|
#=#=#=# Syncrun finished 2019-10-01T13:16:28Z (last step: 32753 msec, total: 32969 msec)
#=#=#=# Syncrun started 2019-10-01T13:17:13Z
#=#=#=#=# Propagation starts 2019-10-01T13:17:21Z (last step: 8488 msec, total: 8488 msec)
#=#=#=# Syncrun finished 2019-10-01T13:17:21Z (last step: 8 msec, total: 8496 msec)
